Build started 01/09/2013 20:37:15.
     1>Project "G:\idathena test\vcproj-10\mapcache.vcxproj" on node 5 (build target(s)).
     1>InitializeBuildStatus:
         Creating "mapcache\Debug\mapcache.unsuccessfulbuild" because "AlwaysCreate" was specified.
       ClCompile:
         C:\Program Files (x86)\Microsoft Visual Studio 10.0\VC\bin\CL.exe /c /I..\3rdparty\libconfig /I..\3rdparty\zlib\include /I..\3rdparty\msinttypes\include /ZI /nologo /W3 /WX- /MP /Od /Oy- /D WIN32 /D _WIN32 /D __WIN32 /D _DEBUG /D _CRT_SECURE_NO_DEPRECATE /D _CRT_NONSTDC_NO_DEPRECATE /D MINICORE /D LIBCONFIG_STATIC /D YY_USE_CONST /D _MBCS /Gm- /RTC1 /MTd /GS /Gy /fp:precise /Zc:wchar_t /Zc:forScope /Fo"mapcache\Debug\\" /Fd"mapcache\Debug\vc100.pdb" /Gd /TC /analyze- /errorReport:prompt ..\src\common\core.c ..\src\common\des.c ..\src\common\grfio.c ..\src\common\malloc.c ..\src\common\showmsg.c ..\src\common\strlib.c ..\src\common\utils.c ..\src\tool\mapcache.c
         core.c
         des.c
         grfio.c
         malloc.c
         showmsg.c
         strlib.c
         utils.c
         mapcache.c
       ManifestResourceCompile:
         C:\Program Files (x86)\Microsoft SDKs\Windows\v7.0A\bin\rc.exe /nologo /fo"mapcache\Debug\mapcache.exe.embed.manifest.res" mapcache\Debug\mapcache_manifest.rc 
       Link:
         C:\Program Files (x86)\Microsoft Visual Studio 10.0\VC\bin\link.exe /ERRORREPORT:PROMPT /OUT:"..\mapcache.exe" /INCREMENTAL /NOLOGO /LIBPATH:..\3rdparty\zlib\lib libcmtd.lib oldnames.lib zdll.lib kernel32.lib user32.lib gdi32.lib winspool.lib comdlg32.lib advapi32.lib shell32.lib ole32.lib oleaut32.lib uuid.lib odbc32.lib odbccp32.lib /NODEFAULTLIB /MANIFEST /ManifestFile:"mapcache\Debug\mapcache.exe.intermediate.manifest" /MANIFESTUAC:"level='asInvoker' uiAccess='false'" /DEBUG /PDB:"..\mapcache.pdb" /SUBSYSTEM:CONSOLE /TLBID:1 /DYNAMICBASE:NO /IMPLIB:"..\mapcache.lib" /MACHINE:X86 mapcache\Debug\mapcache.exe.embed.manifest.res
         mapcache\Debug\core.obj
         mapcache\Debug\des.obj
         mapcache\Debug\grfio.obj
         mapcache\Debug\malloc.obj
         mapcache\Debug\showmsg.obj
         mapcache\Debug\strlib.obj
         mapcache\Debug\utils.obj
         mapcache\Debug\mapcache.obj /FIXED:NO 
       Manifest:
         C:\Program Files (x86)\Microsoft SDKs\Windows\v7.0A\bin\mt.exe /nologo /verbose /out:"mapcache\Debug\mapcache.exe.embed.manifest" /manifest mapcache\Debug\mapcache.exe.intermediate.manifest
         C:\Program Files (x86)\Microsoft SDKs\Windows\v7.0A\bin\rc.exe /nologo /fo"mapcache\Debug\mapcache.exe.embed.manifest.res" mapcache\Debug\mapcache_manifest.rc 
       LinkEmbedManifest:
         C:\Program Files (x86)\Microsoft Visual Studio 10.0\VC\bin\link.exe /ERRORREPORT:PROMPT /OUT:"..\mapcache.exe" /INCREMENTAL /NOLOGO /LIBPATH:..\3rdparty\zlib\lib libcmtd.lib oldnames.lib zdll.lib kernel32.lib user32.lib gdi32.lib winspool.lib comdlg32.lib advapi32.lib shell32.lib ole32.lib oleaut32.lib uuid.lib odbc32.lib odbccp32.lib /NODEFAULTLIB /MANIFEST /ManifestFile:"mapcache\Debug\mapcache.exe.intermediate.manifest" /MANIFESTUAC:"level='asInvoker' uiAccess='false'" /DEBUG /PDB:"..\mapcache.pdb" /SUBSYSTEM:CONSOLE /TLBID:1 /DYNAMICBASE:NO /IMPLIB:"..\mapcache.lib" /MACHINE:X86 mapcache\Debug\mapcache.exe.embed.manifest.res
         mapcache\Debug\core.obj
         mapcache\Debug\des.obj
         mapcache\Debug\grfio.obj
         mapcache\Debug\malloc.obj
         mapcache\Debug\showmsg.obj
         mapcache\Debug\strlib.obj
         mapcache\Debug\utils.obj
         mapcache\Debug\mapcache.obj /FIXED:NO 
         mapcache.vcxproj -> G:\idathena test\vcproj-10\..\mapcache.exe
       FinalizeBuildStatus:
         Deleting file "mapcache\Debug\mapcache.unsuccessfulbuild".
         Touching "mapcache\Debug\mapcache.lastbuildstate".
     1>Done Building Project "G:\idathena test\vcproj-10\mapcache.vcxproj" (build target(s)).

Build succeeded.

Time Elapsed 00:00:12.41
