Build started 01/09/2013 20:37:15.
     1>Project "G:\idathena test\vcproj-10\char-server_sql.vcxproj" on node 4 (build target(s)).
     1>InitializeBuildStatus:
         Creating "char-server_sql\Debug\char-server_sql.unsuccessfulbuild" because "AlwaysCreate" was specified.
       ClCompile:
         C:\Program Files (x86)\Microsoft Visual Studio 10.0\VC\bin\CL.exe /c /I..\3rdparty\libconfig /I..\3rdparty\mysql\include /I..\3rdparty\msinttypes\include /I..\3rdparty\mt19937ar /ZI /nologo /W3 /WX- /MP /Od /Oy- /D WIN32 /D _WIN32 /D __WIN32 /D _DEBUG /D _CRT_SECURE_NO_DEPRECATE /D _CRT_NONSTDC_NO_DEPRECATE /D FD_SETSIZE=4096 /D LIBCONFIG_STATIC /D YY_USE_CONST /D _VC80_UPGRADE=0x0710 /D _MBCS /Gm- /RTC1 /MTd /GS /Gy /fp:precise /Zc:wchar_t /Zc:forScope /Fo"char-server_sql\Debug\\" /Fd"char-server_sql\Debug\vc100.pdb" /Gd /TC /wd4800 /analyze- /errorReport:prompt ..\3rdparty\libconfig\grammar.c ..\3rdparty\libconfig\libconfig.c ..\3rdparty\libconfig\scanctx.c ..\3rdparty\libconfig\scanner.c ..\3rdparty\libconfig\strbuf.c ..\3rdparty\mt19937ar\mt19937ar.c ..\src\common\core.c ..\src\common\db.c ..\src\common\ers.c ..\src\common\malloc.c ..\src\common\mapindex.c ..\src\common\mempool.c ..\src\common\mutex.c ..\src\common\nullpo.c ..\src\common\raconf.c ..\src\common\random.c ..\src\common\showmsg.c ..\src\common\socket.c ..\src\common\sql.c ..\src\common\strlib.c ..\src\common\thread.c ..\src\common\timer.c ..\src\common\utils.c ..\src\common\msg_conf.c ..\src\common\cli.c ..\src\char\char.c ..\src\char\int_auction.c ..\src\char\int_elemental.c ..\src\char\int_guild.c ..\src\char\int_homun.c ..\src\char\int_mail.c ..\src\char\int_mercenary.c ..\src\char\int_party.c ..\src\char\int_pet.c ..\src\char\int_quest.c ..\src\char\int_storage.c ..\src\char\inter.c
         grammar.c
         libconfig.c
         scanctx.c
         scanner.c
         strbuf.c
         mt19937ar.c
         core.c
         db.c
         ers.c
         malloc.c
         mapindex.c
         mempool.c
         mutex.c
         nullpo.c
         raconf.c
         random.c
         showmsg.c
         socket.c
         sql.c
         strlib.c
         thread.c
         timer.c
         utils.c
         msg_conf.c
         cli.c
         char.c
         int_auction.c
         int_elemental.c
         int_guild.c
         int_homun.c
         int_mail.c
         int_mercenary.c
         int_party.c
         int_pet.c
         int_quest.c
         int_storage.c
         inter.c
       ManifestResourceCompile:
         C:\Program Files (x86)\Microsoft SDKs\Windows\v7.0A\bin\rc.exe /nologo /fo"char-server_sql\Debug\char-server_sql.exe.embed.manifest.res" char-server_sql\Debug\char-server_sql_manifest.rc 
       Link:
         C:\Program Files (x86)\Microsoft Visual Studio 10.0\VC\bin\link.exe /ERRORREPORT:PROMPT /OUT:"..\char-server_sql.exe" /INCREMENTAL /NOLOGO /LIBPATH:..\3rdparty\mysql\lib libcmtd.lib oldnames.lib ws2_32.lib libmysql.lib kernel32.lib user32.lib gdi32.lib winspool.lib comdlg32.lib advapi32.lib shell32.lib ole32.lib oleaut32.lib uuid.lib odbc32.lib odbccp32.lib /NODEFAULTLIB /MANIFEST /ManifestFile:"char-server_sql\Debug\char-server_sql.exe.intermediate.manifest" /MANIFESTUAC:"level='asInvoker' uiAccess='false'" /DEBUG /PDB:"..\char-server_sql.pdb" /SUBSYSTEM:CONSOLE /TLBID:1 /DYNAMICBASE:NO /IMPLIB:"..\char-server_sql.lib" /MACHINE:X86 "char-server_sql\Debug\char-server_sql.exe.embed.manifest.res"
         "char-server_sql\Debug\grammar.obj"
         "char-server_sql\Debug\libconfig.obj"
         "char-server_sql\Debug\scanctx.obj"
         "char-server_sql\Debug\scanner.obj"
         "char-server_sql\Debug\strbuf.obj"
         "char-server_sql\Debug\mt19937ar.obj"
         "char-server_sql\Debug\core.obj"
         "char-server_sql\Debug\db.obj"
         "char-server_sql\Debug\ers.obj"
         "char-server_sql\Debug\malloc.obj"
         "char-server_sql\Debug\mapindex.obj"
         "char-server_sql\Debug\mempool.obj"
         "char-server_sql\Debug\mutex.obj"
         "char-server_sql\Debug\nullpo.obj"
         "char-server_sql\Debug\raconf.obj"
         "char-server_sql\Debug\random.obj"
         "char-server_sql\Debug\showmsg.obj"
         "char-server_sql\Debug\socket.obj"
         "char-server_sql\Debug\sql.obj"
         "char-server_sql\Debug\strlib.obj"
         "char-server_sql\Debug\thread.obj"
         "char-server_sql\Debug\timer.obj"
         "char-server_sql\Debug\utils.obj"
         "char-server_sql\Debug\msg_conf.obj"
         "char-server_sql\Debug\cli.obj"
         "char-server_sql\Debug\char.obj"
         "char-server_sql\Debug\int_auction.obj"
         "char-server_sql\Debug\int_elemental.obj"
         "char-server_sql\Debug\int_guild.obj"
         "char-server_sql\Debug\int_homun.obj"
         "char-server_sql\Debug\int_mail.obj"
         "char-server_sql\Debug\int_mercenary.obj"
         "char-server_sql\Debug\int_party.obj"
         "char-server_sql\Debug\int_pet.obj"
         "char-server_sql\Debug\int_quest.obj"
         "char-server_sql\Debug\int_storage.obj"
         "char-server_sql\Debug\inter.obj"
       Manifest:
         C:\Program Files (x86)\Microsoft SDKs\Windows\v7.0A\bin\mt.exe /nologo /verbose /out:"char-server_sql\Debug\char-server_sql.exe.embed.manifest" /manifest "char-server_sql\Debug\char-server_sql.exe.intermediate.manifest"
         C:\Program Files (x86)\Microsoft SDKs\Windows\v7.0A\bin\rc.exe /nologo /fo"char-server_sql\Debug\char-server_sql.exe.embed.manifest.res" char-server_sql\Debug\char-server_sql_manifest.rc 
       LinkEmbedManifest:
         C:\Program Files (x86)\Microsoft Visual Studio 10.0\VC\bin\link.exe /ERRORREPORT:PROMPT /OUT:"..\char-server_sql.exe" /INCREMENTAL /NOLOGO /LIBPATH:..\3rdparty\mysql\lib libcmtd.lib oldnames.lib ws2_32.lib libmysql.lib kernel32.lib user32.lib gdi32.lib winspool.lib comdlg32.lib advapi32.lib shell32.lib ole32.lib oleaut32.lib uuid.lib odbc32.lib odbccp32.lib /NODEFAULTLIB /MANIFEST /ManifestFile:"char-server_sql\Debug\char-server_sql.exe.intermediate.manifest" /MANIFESTUAC:"level='asInvoker' uiAccess='false'" /DEBUG /PDB:"..\char-server_sql.pdb" /SUBSYSTEM:CONSOLE /TLBID:1 /DYNAMICBASE:NO /IMPLIB:"..\char-server_sql.lib" /MACHINE:X86 "char-server_sql\Debug\char-server_sql.exe.embed.manifest.res"
         "char-server_sql\Debug\grammar.obj"
         "char-server_sql\Debug\libconfig.obj"
         "char-server_sql\Debug\scanctx.obj"
         "char-server_sql\Debug\scanner.obj"
         "char-server_sql\Debug\strbuf.obj"
         "char-server_sql\Debug\mt19937ar.obj"
         "char-server_sql\Debug\core.obj"
         "char-server_sql\Debug\db.obj"
         "char-server_sql\Debug\ers.obj"
         "char-server_sql\Debug\malloc.obj"
         "char-server_sql\Debug\mapindex.obj"
         "char-server_sql\Debug\mempool.obj"
         "char-server_sql\Debug\mutex.obj"
         "char-server_sql\Debug\nullpo.obj"
         "char-server_sql\Debug\raconf.obj"
         "char-server_sql\Debug\random.obj"
         "char-server_sql\Debug\showmsg.obj"
         "char-server_sql\Debug\socket.obj"
         "char-server_sql\Debug\sql.obj"
         "char-server_sql\Debug\strlib.obj"
         "char-server_sql\Debug\thread.obj"
         "char-server_sql\Debug\timer.obj"
         "char-server_sql\Debug\utils.obj"
         "char-server_sql\Debug\msg_conf.obj"
         "char-server_sql\Debug\cli.obj"
         "char-server_sql\Debug\char.obj"
         "char-server_sql\Debug\int_auction.obj"
         "char-server_sql\Debug\int_elemental.obj"
         "char-server_sql\Debug\int_guild.obj"
         "char-server_sql\Debug\int_homun.obj"
         "char-server_sql\Debug\int_mail.obj"
         "char-server_sql\Debug\int_mercenary.obj"
         "char-server_sql\Debug\int_party.obj"
         "char-server_sql\Debug\int_pet.obj"
         "char-server_sql\Debug\int_quest.obj"
         "char-server_sql\Debug\int_storage.obj"
         "char-server_sql\Debug\inter.obj"
         char-server_sql.vcxproj -> G:\idathena test\vcproj-10\..\char-server_sql.exe
       FinalizeBuildStatus:
         Deleting file "char-server_sql\Debug\char-server_sql.unsuccessfulbuild".
         Touching "char-server_sql\Debug\char-server_sql.lastbuildstate".
     1>Done Building Project "G:\idathena test\vcproj-10\char-server_sql.vcxproj" (build target(s)).

Build succeeded.

Time Elapsed 00:00:15.62
